[    0.000000] Linux version 4.15.0-189-generic (buildd@lcy02-amd64-039) (gcc version 7.5.0 (Ubuntu 7.5.0-3ubuntu1~18.04)) #200-Ubuntu SMP Wed Jun 22 19:53:37 UTC 2022 (Ubuntu 4.15.0-189.200-generic 4.15.18)
[    0.000000] Command line: BOOT_IMAGE=/boot/vmlinuz-4.15.0-189-generic root=LABEL=cloudimg-rootfs ro console=tty1 console=ttyS0
[    0.000000] KERNEL supported cpus:
[    0.000000]   Intel GenuineIntel
[    0.000000]   AMD AuthenticAMD
[    0.000000]   Centaur CentaurHauls
[    0.000000] x86/fpu: x87 FPU will use FXSAVE
[    0.000000] e820: BIOS-provided physical RAM map:
[    0.000000] BIOS-e820: [mem 0x0000000000000000-0x000000000009fbff] usable
[    0.000000] BIOS-e820: [mem 0x000000000009fc00-0x000000000009ffff] reserved
[    0.000000] BIOS-e820: [mem 0x00000000000f0000-0x00000000000fffff] reserved
[    0.000000] BIOS-e820: [mem 0x0000000000100000-0x000000003ffeffff] usable
[    0.000000] BIOS-e820: [mem 0x000000003fff0000-0x000000003fffffff] ACPI data
[    0.000000] BIOS-e820: [mem 0x00000000fec00000-0x00000000fec00fff] reserved
[    0.000000] BIOS-e820: [mem 0x00000000fee00000-0x00000000fee00fff] reserved
[    0.000000] BIOS-e820: [mem 0x00000000fffc0000-0x00000000ffffffff] reserved
[    0.000000] NX (Execute Disable) protection: active
[    0.000000] SMBIOS 2.5 present.
[    0.000000] DMI: innotek GmbH VirtualBox/VirtualBox, BIOS VirtualBox 12/01/2006
[    0.000000] Hypervisor detected: KVM
[    0.000000] e820: last_pfn = 0x3fff0 max_arch_pfn = 0x400000000
[    0.000000] MTRR: Disabled
[    0.000000] x86/PAT: MTRRs disabled, skipping PAT initialization too.
[    0.000000] CPU MTRRs all blank - virtualized system.
[    0.000000] x86/PAT: Configuration [0-7]: WB  WT  UC- UC  WB  WT  UC- UC  
[    0.000000] found SMP MP-table at [mem 0x0009fff0-0x0009ffff]
[    0.000000] Scanning 1 areas for low memory corruption
[    0.000000] RAMDISK: [mem 0x359c5000-0x36cd9fff]
[    0.000000] ACPI: Early table checksum verification disabled
[    0.000000] ACPI: RSDP 0x00000000000E0000 000024 (v02 VBOX  )
[    0.000000] ACPI: XSDT 0x000000003FFF0030 00003C (v01 VBOX   VBOXXSDT 00000001 ASL  00000061)
[    0.000000] ACPI: FACP 0x000000003FFF00F0 0000F4 (v04 VBOX   VBOXFACP 00000001 ASL  00000061)
[    0.000000] ACPI: DSDT 0x000000003FFF0470 002325 (v02 VBOX   VBOXBIOS 00000002 INTL 20100528)
[    0.000000] ACPI: FACS 0x000000003FFF0200 000040
[    0.000000] ACPI: FACS 0x000000003FFF0200 000040
[    0.000000] ACPI: APIC 0x000000003FFF0240 00005C (v02 VBOX   VBOXAPIC 00000001 ASL  00000061)
[    0.000000] ACPI: SSDT 0x000000003FFF02A0 0001CC (v01 VBOX   VBOXCPUT 00000002 INTL 20100528)
[    0.000000] ACPI: Reserving FACP table memory at [mem 0x3fff00f0-0x3fff01e3]
[    0.000000] ACPI: Reserving DSDT table memory at [mem 0x3fff0470-0x3fff2794]
[    0.000000] ACPI: Reserving FACS table memory at [mem 0x3fff0200-0x3fff023f]
[    0.000000] ACPI: Reserving FACS table memory at [mem 0x3fff0200-0x3fff023f]
[    0.000000] ACPI: Reserving APIC table memory at [mem 0x3fff0240-0x3fff029b]
[    0.000000] ACPI: Reserving SSDT table memory at [mem 0x3fff02a0-0x3fff046b]
[    0.000000] No NUMA configuration found
[    0.000000] Faking a node at [mem 0x0000000000000000-0x000000003ffeffff]
[    0.000000] NODE_DATA(0) allocated [mem 0x3ffc5000-0x3ffeffff]
[    0.000000] kvm-clock: cpu 0, msr 0:3ff44001, primary cpu clock
[    0.000000] kvm-clock: Using msrs 4b564d01 and 4b564d00
[    0.000000] kvm-clock: using sched offset of 5505726589 cycles
[    0.000000] clocksource: kvm-clock: mask: 0xffffffffffffffff max_cycles: 0x1cd42e4dffb, max_idle_ns: 881590591483 ns
[    0.000000] Zone ranges:
[    0.000000]   DMA      [mem 0x0000000000001000-0x0000000000ffffff]
[    0.000000]   DMA32    [mem 0x0000000001000000-0x000000003ffeffff]
[    0.000000]   Normal   empty
[    0.000000]   Device   empty
[    0.000000] Movable zone start for each node
[    0.000000] Early memory node ranges
[    0.000000]   node   0: [mem 0x0000000000001000-0x000000000009efff]
[    0.000000]   node   0: [mem 0x0000000000100000-0x000000003ffeffff]
[    0.000000] Reserved but unavailable: 104 pages
[    0.000000] Initmem setup node 0 [mem 0x0000000000001000-0x000000003ffeffff]
[    0.000000] ACPI: PM-Timer IO Port: 0x4008
[    0.000000] IOAPIC[0]: apic_id 2, version 32, address 0xfec00000, GSI 0-23
[    0.000000] ACPI: INT_SRC_OVR (bus 0 bus_irq 0 global_irq 2 dfl dfl)
[    0.000000] ACPI: INT_SRC_OVR (bus 0 bus_irq 9 global_irq 9 low level)
[    0.000000] Using ACPI (MADT) for SMP configuration information
[    0.000000] smpboot: Allowing 2 CPUs, 0 hotplug CPUs
[    0.000000] PM: Registered nosave memory: [mem 0x00000000-0x00000fff]
[    0.000000] PM: Registered nosave memory: [mem 0x0009f000-0x0009ffff]
[    0.000000] PM: Registered nosave memory: [mem 0x000a0000-0x000effff]
[    0.000000] PM: Registered nosave memory: [mem 0x000f0000-0x000fffff]
[    0.000000] e820: [mem 0x40000000-0xfebfffff] available for PCI devices
[    0.000000] Booting paravirtualized kernel on KVM
[    0.000000] clocksource: refined-jiffies: mask: 0xffffffff max_cycles: 0xffffffff, max_idle_ns: 7645519600211568 ns
[    0.000000] random: get_random_bytes called from start_kernel+0x99/0x500 with crng_init=0
[    0.000000] setup_percpu: NR_CPUS:8192 nr_cpumask_bits:2 nr_cpu_ids:2 nr_node_ids:1
[    0.000000] percpu: Embedded 50 pages/cpu s167936 r8192 d28672 u1048576
[    0.000000] PV qspinlock hash table entries: 256 (order: 0, 4096 bytes)
[    0.000000] Built 1 zonelists, mobility grouping on.  Total pages: 257913
[    0.000000] Policy zone: DMA32
[    0.000000] Kernel command line: BOOT_IMAGE=/boot/vmlinuz-4.15.0-189-generic root=LABEL=cloudimg-rootfs ro console=tty1 console=ttyS0
[    0.000000] Memory: 982636K/1048120K available (12300K kernel code, 2484K rwdata, 4324K rodata, 2468K init, 2724K bss, 65484K reserved, 0K cma-reserved)
[    0.000000] SLUB: HWalign=64, Order=0-3, MinObjects=0, CPUs=2, Nodes=1
[    0.000000] Kernel/User page tables isolation: enabled
[    0.000000] ftrace: allocating 39515 entries in 155 pages
[    0.004000] Hierarchical RCU implementation.
[    0.004000] 	RCU restricting CPUs from NR_CPUS=8192 to nr_cpu_ids=2.
[    0.004000] 	Tasks RCU enabled.
[    0.004000] RCU: Adjusting geometry for rcu_fanout_leaf=16, nr_cpu_ids=2
[    0.004000] NR_IRQS: 524544, nr_irqs: 440, preallocated irqs: 16
[    0.004000] Console: colour VGA+ 80x25
[    0.004000] console [tty1] enabled
[    0.004000] console [ttyS0] enabled
[    0.004000] ACPI: Core revision 20170831
[    0.004000] ACPI: 2 ACPI AML tables successfully acquired and loaded
[    0.004000] APIC: Switch to symmetric I/O mode setup
[    0.004000] ..TIMER: vector=0x30 apic1=0 pin1=2 apic2=-1 pin2=-1
[    0.004000] tsc: Detected 2693.764 MHz processor
[    0.004016] Calibrating delay loop (skipped) preset value.. 5387.52 BogoMIPS (lpj=10775056)
[    0.008012] pid_max: default: 32768 minimum: 301
[    0.012100] Security Framework initialized
[    0.016008] Yama: becoming mindful.
[    0.020125] AppArmor: AppArmor initialized
[    0.030784] Dentry cache hash table entries: 131072 (order: 8, 1048576 bytes)
[    0.041335] Inode-cache hash table entries: 65536 (order: 7, 524288 bytes)
[    0.048123] Mount-cache hash table entries: 2048 (order: 2, 16384 bytes)
[    0.052094] Mountpoint-cache hash table entries: 2048 (order: 2, 16384 bytes)
[    0.061469] Last level iTLB entries: 4KB 1024, 2MB 1024, 4MB 1024
[    0.064007] Last level dTLB entries: 4KB 1024, 2MB 1024, 4MB 1024, 1GB 4
[    0.068009] Spectre V1 : Mitigation: usercopy/swapgs barriers and __user pointer sanitization
[    0.072008] Spectre V2 : Mitigation: Retpolines
[    0.076008] Spectre V2 : Spectre v2 / SpectreRSB mitigation: Filling RSB on context switch
[    0.080011] Speculative Store Bypass: Vulnerable
[    0.084097] MDS: Mitigation: Clear CPU buffers
[    0.088246] Freeing SMP alternatives memory: 36K
[    0.201730] smpboot: CPU0: Intel(R) Core(TM) i7-4600U CPU @ 2.10GHz (family: 0x6, model: 0x45, stepping: 0x1)
[    0.208145] Performance Events: unsupported p6 CPU model 69 no PMU driver, software events only.
[    0.213206] Hierarchical SRCU implementation.
[    0.221310] NMI watchdog: Perf event create on CPU 0 failed with -2
[    0.224177] NMI watchdog: Perf NMI watchdog permanently disabled
[    0.228548] smp: Bringing up secondary CPUs ...
[    0.233553] x86: Booting SMP configuration:
[    0.236005] .... node  #0, CPUs:      #1
[    0.004000] kvm-clock: cpu 1, msr 0:3ff44041, secondary cpu clock
[    0.252000] TSC synchronization [CPU#0 -> CPU#1]:
[    0.252000] Measured 125183 cycles TSC warp between CPUs, turning off TSC clock.
[    0.252000] tsc: Marking TSC unstable due to check_tsc_sync_source failed
[    0.256332] smp: Brought up 1 node, 2 CPUs
[    0.260010] smpboot: Max logical packages: 1
[    0.264012] smpboot: Total of 2 processors activated (10775.05 BogoMIPS)
[    0.272005] devtmpfs: initialized
[    0.276118] x86/mm: Memory block size: 128MB
[    0.284304] evm: security.selinux
[    0.288006] evm: security.SMACK64
[    0.292008] evm: security.SMACK64EXEC
[    0.296006] evm: security.SMACK64TRANSMUTE
[    0.300007] evm: security.SMACK64MMAP
[    0.304004] evm: security.apparmor
[    0.308008] evm: security.ima
[    0.312005] evm: security.capability
[    0.320133] clocksource: jiffies: mask: 0xffffffff max_cycles: 0xffffffff, max_idle_ns: 7645041785100000 ns
[    0.324020] futex hash table entries: 512 (order: 3, 32768 bytes)
[    0.328238] pinctrl core: initialized pinctrl subsystem
[    0.332683] RTC time: 13:01:12, date: 07/27/22
[    0.337474] NET: Registered protocol family 16
[    0.340279] audit: initializing netlink subsys (disabled)
[    0.348129] audit: type=2000 audit(1658926878.096:1): state=initialized audit_enabled=0 res=1
[    0.368342] cpuidle: using governor ladder
[    0.372026] cpuidle: using governor menu
[    0.376062] ACPI: bus type PCI registered
[    0.380005] acpiphp: ACPI Hot Plug PCI Controller Driver version: 0.5
[    0.384739] PCI: Using configuration type 1 for base access
[    0.396840] HugeTLB registered 2.00 MiB page size, pre-allocated 0 pages
[    0.412047] ACPI: Added _OSI(Module Device)
[    0.416007] ACPI: Added _OSI(Processor Device)
[    0.420006] ACPI: Added _OSI(3.0 _SCP Extensions)
[    0.424010] ACPI: Added _OSI(Processor Aggregator Device)
[    0.428013] ACPI: Added _OSI(Linux-Dell-Video)
[    0.432035] ACPI: Added _OSI(Linux-Lenovo-NV-HDMI-Audio)
[    0.436014] ACPI: Added _OSI(Linux-HPI-Hybrid-Graphics)
[    0.441390] ACPI: Executed 1 blocks of module-level executable AML code
[    0.457287] ACPI: Interpreter enabled
[    0.460036] ACPI: (supports S0 S5)
[    0.464014] ACPI: Using IOAPIC for interrupt routing
[    0.469943] PCI: Using host bridge windows from ACPI; if necessary, use "pci=nocrs" and report a bug
[    0.472499] ACPI: Enabled 2 GPEs in block 00 to 07
[    0.503655] ACPI: PCI Root Bridge [PCI0] (domain 0000 [bus 00-ff])
[    0.504021] acpi PNP0A03:00: _OSC: OS supports [ASPM ClockPM Segments MSI]
[    0.509213] acpi PNP0A03:00: _OSC: not requesting OS control; OS requires [ExtendedConfig ASPM ClockPM MSI]
[    0.512211] acpi PNP0A03:00: fail to add MMCONFIG information, can't access extended PCI configuration space under this bridge.
[    0.517121] PCI host bridge to bus 0000:00
[    0.520012] pci_bus 0000:00: root bus resource [io  0x0000-0x0cf7 window]
[    0.524012] pci_bus 0000:00: root bus resource [io  0x0d00-0xffff window]
[    0.528012] pci_bus 0000:00: root bus resource [mem 0x000a0000-0x000bffff window]
[    0.532012] pci_bus 0000:00: root bus resource [mem 0x40000000-0xfdffffff window]
[    0.536015] pci_bus 0000:00: root bus resource [bus 00-ff]
[    0.555610] pci 0000:00:01.1: legacy IDE quirk: reg 0x10: [io  0x01f0-0x01f7]
[    0.556013] pci 0000:00:01.1: legacy IDE quirk: reg 0x14: [io  0x03f6]
[    0.560010] pci 0000:00:01.1: legacy IDE quirk: reg 0x18: [io  0x0170-0x0177]
[    0.564012] pci 0000:00:01.1: legacy IDE quirk: reg 0x1c: [io  0x0376]
[    0.600876] pci 0000:00:07.0: quirk: [io  0x4000-0x403f] claimed by PIIX4 ACPI
[    0.604050] pci 0000:00:07.0: quirk: [io  0x4100-0x410f] claimed by PIIX4 SMB
[    0.635006] ACPI: PCI Interrupt Link [LNKA] (IRQs 5 9 10 *11)
[    0.636851] ACPI: PCI Interrupt Link [LNKB] (IRQs 5 9 *10 11)
[    0.640278] ACPI: PCI Interrupt Link [LNKC] (IRQs 5 *9 10 11)
[    0.648100] ACPI: PCI Interrupt Link [LNKD] (IRQs 5 9 10 *11)
[    0.653075] SCSI subsystem initialized
[    0.660067] pci 0000:00:02.0: vgaarb: setting as boot VGA device
[    0.664000] pci 0000:00:02.0: vgaarb: VGA device added: decodes=io+mem,owns=io+mem,locks=none
[    0.664018] pci 0000:00:02.0: vgaarb: bridge control possible
[    0.668004] vgaarb: loaded
[    0.672094] ACPI: bus type USB registered
[    0.680080] usbcore: registered new interface driver usbfs
[    0.684039] usbcore: registered new interface driver hub
[    0.688030] usbcore: registered new device driver usb
[    0.692358] EDAC MC: Ver: 3.0.0
[    0.701205] PCI: Using ACPI for IRQ routing
[    0.708348] NetLabel: Initializing
[    0.712009] NetLabel:  domain hash size = 128
[    0.716007] NetLabel:  protocols = UNLABELED CIPSOv4 CALIPSO
[    0.724125] NetLabel:  unlabeled traffic allowed by default
[    0.728267] clocksource: Switched to clocksource kvm-clock
[    0.758197] VFS: Disk quotas dquot_6.6.0
[    0.758197] VFS: Dquot-cache hash table entries: 512 (order 0, 4096 bytes)
[    0.758197] AppArmor: AppArmor Filesystem Enabled
[    0.758197] pnp: PnP ACPI init
[    0.815294] pnp: PnP ACPI: found 3 devices
[    0.884751] clocksource: acpi_pm: mask: 0xffffff max_cycles: 0xffffff, max_idle_ns: 2085701024 ns
[    0.896686] NET: Registered protocol family 2
[    0.900556] IP idents hash table entries: 16384 (order: 5, 131072 bytes)
[    0.914383] TCP established hash table entries: 8192 (order: 4, 65536 bytes)
[    0.925995] TCP bind hash table entries: 8192 (order: 5, 131072 bytes)
[    0.929606] TCP: Hash tables configured (established 8192 bind 8192)
[    0.929606] UDP hash table entries: 512 (order: 2, 16384 bytes)
[    0.929606] UDP-Lite hash table entries: 512 (order: 2, 16384 bytes)
[    0.929606] NET: Registered protocol family 1
[    0.929606] pci 0000:00:00.0: Limiting direct PCI/PCI transfers
[    0.929606] pci 0000:00:01.0: Activating ISA DMA hang workarounds
[    0.929606] pci 0000:00:02.0: Video device with shadowed ROM at [mem 0x000c0000-0x000dffff]
[    0.929606] Unpacking initramfs...
[    1.705114] Freeing initrd memory: 19540K
[    1.710069] clocksource: tsc: mask: 0xffffffffffffffff max_cycles: 0x26d43bb7f27, max_idle_ns: 440795270902 ns
[    1.746682] platform rtc_cmos: registered platform RTC device (no PNP device found)
[    1.758490] Scanning for low memory corruption every 60 seconds
[    1.770161] Initialise system trusted keyrings
[    1.791364] Key type blacklist registered
[    1.800564] workingset: timestamp_bits=36 max_order=18 bucket_order=0
[    1.812462] zbud: loaded
[    1.818040] squashfs: version 4.0 (2009/01/31) Phillip Lougher
[    1.827670] fuse init (API version 7.26)
[    1.865478] Key type asymmetric registered
[    1.870867] Asymmetric key parser 'x509' registered
[    1.877015] Block layer SCSI generic (bsg) driver version 0.4 loaded (major 246)
[    1.886206] io scheduler noop registered
[    1.891708] io scheduler deadline registered
[    1.897280] io scheduler cfq registered (default)
[    1.903041] ACPI: AC Adapter [AC] (on-line)
[    1.908828] input: Power Button as /devices/LNXSYSTM:00/LNXPWRBN:00/input/input0
[    1.917577] ACPI: Power Button [PWRF]
[    1.922584] input: Sleep Button as /devices/LNXSYSTM:00/LNXSLPBN:00/input/input1
[    1.931133] ACPI: Sleep Button [SLPF]
[    1.936345] Serial: 8250/16550 driver, 32 ports, IRQ sharing enabled
[    1.937865] ACPI: Battery Slot [BAT0] (battery present)
[    1.982477] 00:02: ttyS0 at I/O 0x3f8 (irq = 4, base_baud = 115200) is a 16550A
[    1.993490] Linux agpgart interface v0.103
[    2.001637] loop: module loaded
[    2.010352] scsi host0: ata_piix
[    2.015838] scsi host1: ata_piix
[    2.020448] ata1: PATA max UDMA/33 cmd 0x1f0 ctl 0x3f6 bmdma 0xd000 irq 14
[    2.029486] ata2: PATA max UDMA/33 cmd 0x170 ctl 0x376 bmdma 0xd008 irq 15
[    2.039202] tun: Universal TUN/TAP device driver, 1.6
[    2.047276] PPP generic driver version 2.4.2
[    2.056325] ehci_hcd: USB 2.0 'Enhanced' Host Controller (EHCI) Driver
[    2.065168] ehci-pci: EHCI PCI platform driver
[    2.071016] ehci-platform: EHCI generic platform driver
[    2.078592] ohci_hcd: USB 1.1 'Open' Host Controller (OHCI) Driver
[    2.088113] ohci-pci: OHCI PCI platform driver
[    2.095714] ohci-platform: OHCI generic platform driver
[    2.102890] uhci_hcd: USB Universal Host Controller Interface driver
[    2.112069] i8042: PNP: PS/2 Controller [PNP0303:PS2K,PNP0f03:PS2M] at 0x60,0x64 irq 1,12
[    2.128028] serio: i8042 KBD port at 0x60,0x64 irq 1
[    2.134531] serio: i8042 AUX port at 0x60,0x64 irq 12
[    2.143009] mousedev: PS/2 mouse device common for all mice
[    2.155855] rtc_cmos rtc_cmos: rtc core: registered rtc_cmos as rtc0
[    2.164646] rtc_cmos rtc_cmos: alarms up to one day, 114 bytes nvram
[    2.171914] input: AT Translated Set 2 keyboard as /devices/platform/i8042/serio0/input/input2
[    2.181783] i2c /dev entries driver
[    2.187104] device-mapper: uevent: version 1.0.3
[    2.194163] device-mapper: ioctl: 4.37.0-ioctl (2017-09-20) initialised: dm-devel@redhat.com
[    2.266368] ledtrig-cpu: registered to indicate activity on CPUs
[    2.276086] NET: Registered protocol family 10
[    2.291831] Segment Routing with IPv6
[    2.296235] NET: Registered protocol family 17
[    2.301770] Key type dns_resolver registered
[    2.307157] mce: Using 0 MCE banks
[    2.311476] RAS: Correctable Errors collector initialized.
[    2.317492] sched_clock: Marking stable (2317395368, 0)->(3990281554, -1672886186)
[    2.330498] registered taskstats version 1
[    2.336699] Loading compiled-in X.509 certificates
[    2.348931] Loaded X.509 cert 'Build time autogenerated kernel key: 9c4811ffd453f4b0c13447eb15d717d926dfaff5'
[    2.359909] Loaded X.509 cert 'Canonical Ltd. Live Patch Signing: 14df34d1a87cf37625abec039ef2bf521249b969'
[    2.372674] Loaded X.509 cert 'Canonical Ltd. Kernel Module Signing: 88f752e560a1e0737e31163a466ad7b70a850c19'
[    2.385380] blacklist: Loading compiled-in revocation X.509 certificates
[    2.392947] Loaded X.509 cert 'Canonical Ltd. Secure Boot Signing: 61482aa2830d0ab2ad5af10b7250da9033ddcef0'
[    2.407277] zswap: loaded using pool lzo/zbud
[    2.436552] Key type big_key registered
[    2.454318] Key type trusted registered
[    2.468500] Key type encrypted registered
[    2.476459] AppArmor: AppArmor sha1 policy hashing enabled
[    2.483798] ima: No TPM chip found, activating TPM-bypass! (rc=-19)
[    2.494376] ima: Allocated hash algorithm: sha1
[    2.501611] evm: HMAC attrs: 0x1
[    2.545223]   Magic number: 14:375:29
[    2.552262] rtc_cmos rtc_cmos: setting system clock to 2022-07-27 13:01:14 UTC (1658926874)
[    2.564990] BIOS EDD facility v0.16 2004-Jun-25, 0 devices found
[    2.572594] EDD information not available.
[    2.581321] Freeing unused kernel image memory: 2468K
[    2.612405] Write protecting the kernel read-only data: 20480k
[    2.620990] Freeing unused kernel image memory: 2008K
[    2.628166] Freeing unused kernel image memory: 1820K
[    2.640272] x86/mm: Checked W+X mappings: passed, no W+X pages found.
[    2.646880] x86/mm: Checking user space page tables
[    2.658360] x86/mm: Checked W+X mappings: passed, no W+X pages found.
Loading, please wait...
starting version 237
[    2.786401] e1000: Intel(R) PRO/1000 Network Driver - version 7.3.21-k8-NAPI
[    2.796358] e1000: Copyright (c) 1999-2006 Intel Corporation.
[    2.814830] Fusion MPT base driver 3.04.20
[    2.821782] Copyright (c) 1999-2008 LSI Corporation
[    2.866015] Fusion MPT SPI Host driver 3.04.20
[    3.079956] input: ImExPS/2 Generic Explorer Mouse as /devices/platform/i8042/serio1/input/input4
[    3.794286] e1000 0000:00:03.0 eth0: (PCI:33MHz:32-bit) 02:70:df:2f:2a:c8
[    3.801489] e1000 0000:00:03.0 eth0: Intel(R) PRO/1000 Network Connection
[    4.928766] e1000 0000:00:08.0 eth1: (PCI:33MHz:32-bit) 08:00:27:d3:54:66
[    4.936314] e1000 0000:00:08.0 eth1: Intel(R) PRO/1000 Network Connection
[    4.948158] mptbase: ioc0: Initiating bringup
[    5.055129] ioc0: LSI53C1030 A0: Capabilities={Initiator}
[    5.323877] scsi host2: ioc0: LSI53C1030 A0, FwRev=00000000h, Ports=1, MaxQ=256, IRQ=20
[    5.501947] scsi 2:0:0:0: Direct-Access     VBOX     HARDDISK         1.0  PQ: 0 ANSI: 5
[    5.661353] scsi target2:0:0: Beginning Domain Validation
[    5.679420] scsi target2:0:0: Domain Validation skipping write tests
[    5.688530] scsi target2:0:0: Ending Domain Validation
[    5.696877] scsi target2:0:0: asynchronous
[    5.714011] scsi 2:0:1:0: Direct-Access     VBOX     HARDDISK         1.0  PQ: 0 ANSI: 5
[    5.948128] scsi target2:0:1: Beginning Domain Validation
[    5.955734] random: fast init done
[    5.980870] scsi target2:0:1: Domain Validation skipping write tests
[    5.989772] scsi target2:0:1: Ending Domain Validation
[    5.997350] scsi target2:0:1: asynchronous
[    6.019295] random: systemd-udevd: uninitialized urandom read (16 bytes read)
[    6.029268] sd 2:0:0:0: Attached scsi generic sg0 type 0
[    6.030851] sd 2:0:0:0: [sda] 83886080 512-byte logical blocks: (42.9 GB/40.0 GiB)
[    6.036735] sd 2:0:1:0: Attached scsi generic sg1 type 0
[    6.053380] random: systemd-udevd: uninitialized urandom read (16 bytes read)
[    6.062856] random: systemd-udevd: uninitialized urandom read (16 bytes read)
[    6.065125] sd 2:0:0:0: [sda] Write Protect is off
[    6.080300] sd 2:0:0:0: [sda] Incomplete mode parameter data
[    6.087100] sd 2:0:1:0: [sdb] 20480 512-byte logical blocks: (10.5 MB/10.0 MiB)
[    6.087830] sd 2:0:0:0: [sda] Assuming drive cache: write through
[    6.105895] sd 2:0:1:0: [sdb] Write Protect is off
[    6.111808] sd 2:0:1:0: [sdb] Incomplete mode parameter data
[    6.118554] sd 2:0:1:0: [sdb] Assuming drive cache: write through
[    6.167664]  sda: sda1
[    6.175724] sd 2:0:0:0: [sda] Attached SCSI disk
[    6.211792] sd 2:0:1:0: [sdb] Attached SCSI disk
[    6.363094] e1000 0000:00:09.0 eth2: (PCI:33MHz:32-bit) 08:00:27:54:c6:47
[    6.373623] e1000 0000:00:09.0 eth2: Intel(R) PRO/1000 Network Connection
[    6.385064] e1000 0000:00:03.0 enp0s3: renamed from eth0
[    7.895380] e1000 0000:00:09.0 enp0s9: renamed from eth2
[   10.901096] e1000 0000:00:08.0 enp0s8: renamed from eth1
Begin: Loading essential drivers ... [   14.897212] raid6: sse2x1   gen() 98629 MB/s
[   16.891197] raid6: sse2x1   xor() 135242 MB/s
[   17.895449] raid6: sse2x2   gen() 244262 MB/s
[   19.899451] raid6: sse2x2   xor() 120232 MB/s
[   19.964729] raid6: sse2x4   gen()  4793 MB/s
[   20.040381] raid6: sse2x4   xor()  5347 MB/s
[   20.054090] raid6: using algorithm sse2x2 gen() 244262 MB/s
[   20.064408] raid6: .... xor() 120232 MB/s, rmw enabled
[   20.090687] raid6: using ssse3x2 recovery algorithm
[   20.132705] xor: measuring software checksum speed
[   20.201422]    prefetch64-sse: 31559.000 MB/sec
[   20.269043]    generic_sse: 25329.000 MB/sec
[   20.277009] xor: using function: prefetch64-sse (31559.000 MB/sec)
[   20.299138] async_tx: api initialized (async)
done.
Begin: Running /scripts/init-premount ... done.
Begin: Mounting root file system ... Begin: Running /scripts/local-top ... done.
Begin: Running /scripts/local-premount ... [   20.572869] Btrfs loaded, crc32c=crc32c-intel
Scanning for Btrfs filesystems
done.
Warning: fsck not present, so skipping root file system
[   22.037582] EXT4-fs (sda1): mounted filesystem with ordered data mode. Opts: (null)
done.
Begin: Running /scripts/local-bottom ... done.
Begin: Running /scripts/init-bottom ... done.
[   22.870066] random: crng init done
[   22.875442] random: 7 urandom warning(s) missed due to ratelimiting
[   28.827078] ip_tables: (C) 2000-2006 Netfilter Core Team
[   29.833594] systemd[1]: systemd 237 running in system mode. (+PAM +AUDIT +SELINUX +IMA +APPARMOR +SMACK +SYSVINIT +UTMP +LIBCRYPTSETUP +GCRYPT +GNUTLS +ACL +XZ +LZ4 +SECCOMP +BLKID +ELFUTILS +KMOD -IDN2 +IDN -PCRE2 default-hierarchy=hybrid)
[   29.856978] systemd[1]: Detected virtualization oracle.
[   29.863438] systemd[1]: Detected architecture x86-64.

Welcome to [1mUbuntu 18.04.6 LTS[0m!

[   30.025980] systemd[1]: Set hostname to <ubuntu>.
[   30.344742] systemd[1]: Initializing machine ID from random generator.
[   30.352001] systemd[1]: Installed transient /etc/machine-id file.
[   38.219032] systemd[1]: Started Forward Password Requests to Wall Directory Watch.
[[0;32m  OK  [0m] Started Forward Password Requests to Wall Directory Watch.
[   38.232325] systemd[1]: Reached target System Time Synchronized.
[[0;32m  OK  [0m] Reached target System Time Synchronized.
[   38.242909] systemd[1]: Reached target User and Group Name Lookups.
[[0;32m  OK  [0m] Reached target User and Group Name Lookups.
[   38.253932] systemd[1]: Reached target Swap.
[[0;32m  OK  [0m] Reached target Swap.
[   38.277247] systemd[1]: Created slice System Slice.
[[0;32m  OK  [0m] Created slice System Slice.
[   38.286319] systemd[1]: Listening on Network Service Netlink Socket.
[[0;32m  OK  [0m] Listening on Network Service Netlink Socket.
[   38.297160] systemd[1]: Listening on udev Kernel Socket.
[[0;32m  OK  [0m] Listening on udev Kernel Socket.
[   38.306631] systemd[1]: Listening on fsck to fsckd communication Socket.
[[0;32m  OK  [0m] Listening on fsck to fsckd communication Socket.
[   38.319351] systemd[1]: Listening on Journal Socket.
[[0;32m  OK  [0m] Listening on Journal Socket.
[   38.330015] systemd[1]: Mounting POSIX Message Queue File System...
         Mounting POSIX Message Queue File System...
[[0;32m  OK  [0m] Listening on /dev/initctl Compatibility Named Pipe.
         Starting Create list of required st…ce nodes for the current kernel...
[[0;32m  OK  [0m] Listening on LVM2 poll daemon socket.
[[0;32m  OK  [0m] Listening on LVM2 metadata daemon socket.
[[0;32m  OK  [0m] Listening on Syslog Socket.
         Mounting Huge Pages File System...
[[0;32m  OK  [0m] Created slice system-serial\x2dgetty.slice.
         Starting File System Check on Root Device...
         Starting Set the console keyboard layout...
         Mounting Kernel Debug File System...
[[0;32m  OK  [0m] Created slice User and Session Slice.
[[0;32m  OK  [0m] Reached target Slices.
         Starting Load Kernel Modules...
[[0;32m  OK  [0m] Listening on Journal Audit Socket.
[[0;32m  OK  [0m] Listening on Journal Socket (/dev/log).
         Starting Journal Service...
[[0;32m  OK  [0m] Listening on Device-mapper event daemon FIFOs.
         Starting Monitoring of LVM2 mirrors…ng dmeventd or progress polling...
[[0;32m  OK  [0m] Set up automount Arbitrary Executab…rmats File System Automount Point.
[   38.712796] Loading iSCSI transport class v2.0-870.
         Starting Uncomplicated firewall...
[[0;32m  OK  [0m] Listening on udev Control Socket.
         Starting udev Coldplug all Devices...
[[0;32m  OK  [0m] Mounted POSIX Message Queue File System.
[[0;32m  OK  [0m] Started Create list of required sta…vice nodes for the current kernel.
[[0;32m  OK  [0m] Mounted Huge Pages File System.
[[0;32m  OK  [0m] Mounted Kernel Debug File System.
[[0;32m  OK  [0m] Started File System Check Daemon to report status.
         Starting Create Static Device Nodes in /dev...
[   39.044792] iscsi: registered transport (tcp)
[[0;32m  OK  [0m] Started Journal Service.
[[0;32m  OK  [0m] Started Uncomplicated firewall.
[[0;32m  OK  [0m] Started File System Check on Root Device.
         Starting Remount Root and Kernel File Systems...
[[0;32m  OK  [0m] Started udev Coldplug all Devices.
[[0;32m  OK  [0m] Started LVM2 metadata daemon.
[   40.018927] iscsi: registered transport (iser)
[[0;32m  OK  [0m] Started Load Kernel Modules.
         Starting Apply Kernel Variables...
         Mounting FUSE Control File System...
         Mounting Kernel Configuration File System...
[[0;32m  OK  [0m] Mounted FUSE Control File System.
[[0;32m  OK  [0m] Mounted Kernel Configuration File System.
[   40.136210] EXT4-fs (sda1): re-mounted. Opts: (null)
[[0;32m  OK  [0m] Started Remount Root and Kernel File Systems.
         Starting Load/Save Random Seed...
         Starting Flush Journal to Persistent Storage...
[[0;32m  OK  [0m] Started Apply Kernel Variables.
[[0;32m  OK  [0m] Started Monitoring of LVM2 mirrors,…sing dmeventd or progress polling.
[[0;32m  OK  [0m] Started Create Static Device Nodes in /dev.
         Starting udev Kernel Device Manager...
[[0;32m  OK  [0m] Started Load/Save Random Seed.
[[0;32m  OK  [0m] Started Flush Journal to Persistent Storage.
[[0;32m  OK  [0m] Started udev Kernel Device Manager.
[[0;32m  OK  [0m] Found device /dev/ttyS0.
[[0;32m  OK  [0m] Listening on Load/Save RF Kill Switch Status /dev/rfkill Watch.
[[0;32m  OK  [0m] Started Set the console keyboard layout.
[[0;32m  OK  [0m] Reached target Local File Systems (Pre).
[[0;32m  OK  [0m] Reached target Local File Systems.
         Starting Set console font and keymap...
         Starting AppArmor initialization...
         Starting Commit a transient machine-id on disk...
         Starting Tell Plymouth To Write Out Runtime Data...
         Starting Create Volatile Files and Directories...
         Starting ebtables ruleset management...
[[0;32m  OK  [0m] Started Dispatch Password Requests to Console Directory Watch.
[[0;32m  OK  [0m] Reached target Local Encrypted Volumes.
[[0;32m  OK  [0m] Started Tell Plymouth To Write Out Runtime Data.
[[0;32m  OK  [0m] Started Create Volatile Files and Directories.
         Starting Update UTMP about System Boot/Shutdown...
[[0;32m  OK  [0m] Started Commit a transient machine-id on disk.
[[0;32m  OK  [0m] Started Update UTMP about System Boot/Shutdown.
[[0;32m  OK  [0m] Started ebtables ruleset management.
[[0;32m  OK  [0m] Started AppArmor initialization.
         Starting Load AppArmor profiles managed internally by snapd...
         Starting Initial cloud-init job (pre-networking)...
[[0;32m  OK  [0m] Started Load AppArmor profiles managed internally by snapd.
[[0;32m  OK  [0m] Started Set console font and keymap.
[   52.100651] cloud-init[779]: Cloud-init v. 22.2-0ubuntu1~18.04.3 running 'init-local' at Wed, 27 Jul 2022 13:02:03 +0000. Up 51.13 seconds.
[[0;32m  OK  [0m] Started Initial cloud-init job (pre-networking).
[[0;32m  OK  [0m] Reached target Network (Pre).
         Starting Network Service...
[[0;32m  OK  [0m] Started Network Service.
         Starting Network Name Resolution...
         Starting Wait for Network to be Configured...
[[0;32m  OK  [0m] Started Network Name Resolution.
[[0;32m  OK  [0m] Reached target Host and Network Name Lookups.
[[0;32m  OK  [0m] Reached target Network.
[[0;32m  OK  [0m] Started Wait for Network to be Configured.
         Starting Initial cloud-init job (metadata service crawler)...
[   55.549806] cloud-init[917]: Cloud-init v. 22.2-0ubuntu1~18.04.3 running 'init' at Wed, 27 Jul 2022 13:02:07 +0000. Up 55.19 seconds.
[   55.572705] cloud-init[917]: ci-info: ++++++++++++++++++++++++++++++++++++++Net device info+++++++++++++++++++++++++++++++++++++++
[   55.585334] cloud-init[917]: ci-info: +--------+-------+----------------------------+---------------+--------+-------------------+
[   55.598931] cloud-init[917]: ci-info: | Device |   Up  |          Address           |      Mask     | Scope  |     Hw-Address    |
[   55.609651] cloud-init[917]: ci-info: +--------+-------+----------------------------+---------------+--------+-------------------+
[   55.624542] cloud-init[917]: ci-info: | enp0s3 |  True |         10.0.2.15          | 255.255.255.0 | global | 02:70:df:2f:2a:c8 |
[   55.635909] cloud-init[917]: ci-info: | enp0s3 |  True | fe80::70:dfff:fe2f:2ac8/64 |       .       |  link  | 02:70:df:2f:2a:c8 |
[   55.649766] cloud-init[917]: ci-info: | enp0s8 | False |             .              |       .       |   .    | 08:00:27:d3:54:66 |
[   55.662044] cloud-init[917]: ci-info: | enp0s9 | False |             .              |       .       |   .    | 08:00:27:54:c6:47 |
[   55.676807] cloud-init[917]: ci-info: |   lo   |  True |         127.0.0.1          |   255.0.0.0   |  host  |         .         |
[   55.689360] cloud-init[917]: ci-info: |   lo   |  True |          ::1/128           |       .       |  host  |         .         |
[   55.703440] cloud-init[917]: ci-info: +--------+-------+----------------------------+---------------+--------+-------------------+
[   55.714140] cloud-init[917]: ci-info: ++++++++++++++++++++++++++++Route IPv4 info+++++++++++++++++++++++++++++
[   55.729694] cloud-init[917]: ci-info: +-------+-------------+----------+-----------------+-----------+-------+
[   55.747002] cloud-init[917]: ci-info: | Route | Destination | Gateway  |     Genmask     | Interface | Flags |
[   55.759097] cloud-init[917]: ci-info: +-------+-------------+----------+-----------------+-----------+-------+
[   55.769980] cloud-init[917]: ci-info: |   0   |   0.0.0.0   | 10.0.2.2 |     0.0.0.0     |   enp0s3  |   UG  |
[   55.781963] cloud-init[917]: ci-info: |   1   |   10.0.2.0  | 0.0.0.0  |  255.255.255.0  |   enp0s3  |   U   |
[   55.791690] cloud-init[917]: ci-info: |   2   |   10.0.2.2  | 0.0.0.0  | 255.255.255.255 |   enp0s3  |   UH  |
[   55.805946] cloud-init[917]: ci-info: +-------+-------------+----------+-----------------+-----------+-------+
[   55.813848] cloud-init[917]: ci-info: +++++++++++++++++++Route IPv6 info+++++++++++++++++++
[   55.821986] cloud-init[917]: ci-info: +-------+-------------+---------+-----------+-------+
[   55.834131] cloud-init[917]: ci-info: | Route | Destination | Gateway | Interface | Flags |
[   55.844837] cloud-init[917]: ci-info: +-------+-------------+---------+-----------+-------+
[   55.857330] cloud-init[917]: ci-info: |   1   |  fe80::/64  |    ::   |   enp0s3  |   U   |
[   55.867385] cloud-init[917]: ci-info: |   3   |    local    |    ::   |   enp0s3  |   U   |
[   55.877007] cloud-init[917]: ci-info: |   4   |   ff00::/8  |    ::   |   enp0s3  |   U   |
[   55.888598] cloud-init[917]: ci-info: +-------+-------------+---------+-----------+-------+
[   59.049838] cloud-init[917]: Generating public/private rsa key pair.
[   59.054457] cloud-init[917]: Your identification has been saved in /etc/ssh/ssh_host_rsa_key.
[   59.059263] cloud-init[917]: Your public key has been saved in /etc/ssh/ssh_host_rsa_key.pub.
[   59.072028] cloud-init[917]: The key fingerprint is:
[   59.077392] cloud-init[917]: SHA256:JMJ/nCfpTJ7t94QzOMMP5dCCo/GIzY4dKnPRI0svHtE root@ubuntu-bionic
[   59.087378] cloud-init[917]: The key's randomart image is:
[   59.095497] cloud-init[917]: +---[RSA 2048]----+
[   59.099576] cloud-init[917]: |                 |
[   59.102547] cloud-init[917]: |   .             |
[   59.115100] cloud-init[917]: |    o . .        |
[   59.165255] cloud-init[917]: |     + + + .     |
[   59.191758] cloud-init[917]: |    ..E S + o    |
[   59.199095] cloud-init[917]: |    +=o@ B * .   |
[   59.210127] cloud-init[917]: |   .o=*.* B = .  |
[   59.214371] cloud-init[917]: |  o +*.. . =.+   |
[   59.227911] cloud-init[917]: |   =+.o   .....  |
[   59.239032] cloud-init[917]: +----[SHA256]-----+
[   59.249178] cloud-init[917]: Generating public/private dsa key pair.
[   59.260752] cloud-init[917]: Your identification has been saved in /etc/ssh/ssh_host_dsa_key.
[   59.271363] cloud-init[917]: Your public key has been saved in /etc/ssh/ssh_host_dsa_key.pub.
[   59.283379] cloud-init[917]: The key fingerprint is:
[   59.294330] cloud-init[917]: SHA256:FbTJD7AS+GC5cl5Rod8vFPgeCxhbVjnPHtsIvfD7oU8 root@ubuntu-bionic
[   59.301044] cloud-init[917]: The key's randomart image is:
[   59.305131] cloud-init[917]: +---[DSA 1024]----+
[   59.307862] cloud-init[917]: |     o..+o+.     |
[   59.311004] cloud-init[917]: |    = .o *o+     |
[   59.315824] cloud-init[917]: |   . ++.= B=     |
[   59.319811] cloud-init[917]: |  . o oO +o+=    |
[   59.323705] cloud-init[917]: |   + .o S ==.*   |
[   59.326678] cloud-init[917]: |    .    + +* .  |
[   59.329620] cloud-init[917]: |          + ..E  |
[   59.332779] cloud-init[917]: |           ..o . |
[   59.335928] cloud-init[917]: |            .oo  |
[   59.338951] cloud-init[917]: +----[SHA256]-----+
[   59.345372] cloud-init[917]: Generating public/private ecdsa key pair.
[   59.349789] cloud-init[917]: Your identification has been saved in /etc/ssh/ssh_host_ecdsa_key.
[   59.355335] cloud-init[917]: Your public key has been saved in /etc/ssh/ssh_host_ecdsa_key.pub.
[   59.360975] cloud-init[917]: The key fingerprint is:
[   59.364814] cloud-init[917]: SHA256:CNguNJMZoHDWzP3v5R+DUukgdb5JTracHR4nKBqB9ng root@ubuntu-bionic
[   59.373537] cloud-init[917]: The key's randomart image is:
[   59.377685] cloud-init[917]: +---[ECDSA 256]---+
[   59.385857] cloud-init[917]: |o.++ .           |
[   59.394627] cloud-init[917]: |oo *+ ..         |
[   59.409363] cloud-init[917]: |. B o o.. . .    |
[   59.417465] cloud-init[917]: | . + o +.o o o   |
[   59.428905] cloud-init[917]: |  . . o E.o O + .|
[   59.437170] cloud-init[917]: |   .   . +.@.O = |
[   59.445027] cloud-init[917]: |        ...oX =  |
[   59.458310] cloud-init[917]: |          ...  o |
[   59.466786] cloud-init[917]: |             ..  |
[   59.478651] cloud-init[917]: +----[SHA256]-----+
[   59.490177] cloud-init[917]: Generating public/private ed25519 key pair.
[   59.498923] cloud-init[917]: Your identification has been saved in /etc/ssh/ssh_host_ed25519_key.
[   59.511028] cloud-init[917]: [[0;32m  OK  [0m] Started Initial cloud-init job (metadata service crawler).
[[0;32m  OK  [0m] Reached target Cloud-config availability.
[[0;32m  OK  [0m] Reached target System Initialization.
[[0;32m  OK  [0m] Listening on Open-iSCSI iscsid Socket.
[[0;32m  OK  [0m] Started Daily Cleanup of Temporary Directories.
[[0;32m  OK  [0m] Started Message of the Day.
[[0;32m  OK  [0m] Started Discard unused blocks once a week.
[[0;32m  OK  [0m] Listening on UUID daemon activation socket.
[[0;32m  OK  [0m] Started Ubuntu Advantage Timer for running repeated jobs.
Your public key has been saved in /etc/ssh/ssh_host_ed25519_key.pub.
[   59.584295] cloud-init[917]: The key fingerprint is:
[   59.607319] cloud-init[917]: SHA256:waVPF1y/zvhHVAhUH+wwHcKyRLHZ2Z/Od3i2CsG8xwE root@ubuntu-bionic
[   59.623776] cloud-init[917]: The key's randomart image is:         Starting LXD - unix socket.
[[0;32m  OK  [0m] Listening on D-Bus System Message Bus Socket.

[   59.653080] [[0;32m  OK  [0m] Started ACPI Events Check.
[[0;32m  OK  [0m] Reached target Paths.
         Starting Socket activation for snappy daemon.
[[0;32m  OK  [0m] Listening on ACPID Listen Socket.
[[0;32m  OK  [0m] Listening on cloud-init hotplug hook socket.
[[0;32m  OK  [0m] Started Daily apt download activities.
[[0;32m  OK  [0m] Started Daily apt upgrade and clean activities.
[[0;32m  OK  [0m] Reached target Timers.
[[0;32m  OK  [0m] Reached target Network is Online.
         Starting Availability of block devices...
[[0;32m  OK  [0m] Reached target Remote File Systems (Pre).
[[0;32m  OK  [0m] Reached target Remote File Systems.
[[0;32m  OK  [0m] Listening on LXD - unix socket.
[[0;32m  OK  [0m] Listening on Socket activation for snappy daemon.
[[0;32m  OK  [0m] Reached target Sockets.
[[0;32m  OK  [0m] Reached target Basic System.
[[0;32m  OK  [0m] Started FUSE filesystem for LXC.
cloud-init[917]: +--[ED25519 256]--+
[   59.734597] cloud-init[917]: |          o=*==+.|
[   59.743901]          Starting Dispatcher daemon for systemd-networkd...
         Starting System Logging Service...
cloud-init         Starting LSB: Record successful boot for GRUB...
[917]: [[0;32m  OK  [0m] Started D-Bus System Message Bus.
|       . o o====o|
[   59.779664] cloud-init[917]: |        + oE+o+.+|
[   59.789762] cloud-init[917]: |         +oo.  .=|
[   59.798830] cloud-init[917]: |        S .+ . +.|
[   59.807827] cloud-init[917]: |            + B..|
[   59.819146] cloud-init[917]: |           o +.*=|
[   59.829761] cloud-init[917]: |            o .o=|
[   59.847217] cloud-init[917]: |             ..o.|
[   59.860975] cloud-init[917]: +----[SHA256]-----+
[[0;32m  OK  [0m] Started Regular background program processing daemon.
[[0;32m  OK  [0m] Started Deferred execution scheduler.
         Starting Login Service...
[[0;32m  OK  [0m] Started irqbalance daemon.
         Starting Snap Daemon...
         Starting Accounts Service...
         Starting LSB: automatic crash report generation...
         Starting Virtualbox guest utils...
         Starting Pollinate to seed the pseudo random number generator...
         Starting Permit User Sessions...
         Starting LXD - container startup/shutdown...
[[0;32m  OK  [0m] Started System Logging Service.
[[0;32m  OK  [0m] Started Availability of block devices.
[[0;32m  OK  [0m] Started Login Service.
[[0;32m  OK  [0m] Started Unattended Upgrades Shutdown.
[[0;32m  OK  [0m] Started Permit User Sessions.
         Starting Terminate Plymouth Boot Screen...
         Starting Hold until boot process finishes up...
[[0;32m  OK  [0m] Started Terminate Plymouth Boot Screen.
[[0;32m  OK  [0m] Started Hold until boot process finishes up.
         Starting Set console scheme...
[[0;32m  OK  [0m] Started Serial Getty on ttyS0.
[[0;32m  OK  [0m] Started LSB: automatic crash report generation.
[[0;32m  OK  [0m] Started Set console scheme.
[[0;32m  OK  [0m] Created slice system-getty.slice.
[[0;32m  OK  [0m] Started Getty on tty1.
[[0;32m  OK  [0m] Reached target Login Prompts.
[[0;32m  OK  [0m] Started LSB: Record successful boot for GRUB.
         Starting Authorization Manager...
[[0;32m  OK  [0m] Started Dispatcher daemon for systemd-networkd.
[[0;32m  OK  [0m] Started Authorization Manager.
[[0;32m  OK  [0m] Started Accounts Service.
[[0;32m  OK  [0m] Started Virtualbox guest utils.

Ubuntu 18.04.6 LTS ubuntu-bionic ttyS0

ubuntu-bionic login: [   76.445828] cloud-init[1555]: Cloud-init v. 22.2-0ubuntu1~18.04.3 running 'modules:config' at Wed, 27 Jul 2022 13:02:25 +0000. Up 73.95 seconds.
ci-info: no authorized SSH keys fingerprints found for user ubuntu.
<14>Jul 27 13:02:30 cloud-init: #############################################################
<14>Jul 27 13:02:30 cloud-init: -----BEGIN SSH HOST KEY FINGERPRINTS-----
<14>Jul 27 13:02:30 cloud-init: 1024 SHA256:FbTJD7AS+GC5cl5Rod8vFPgeCxhbVjnPHtsIvfD7oU8 root@ubuntu-bionic (DSA)
<14>Jul 27 13:02:30 cloud-init: 256 SHA256:CNguNJMZoHDWzP3v5R+DUukgdb5JTracHR4nKBqB9ng root@ubuntu-bionic (ECDSA)
<14>Jul 27 13:02:30 cloud-init: 256 SHA256:waVPF1y/zvhHVAhUH+wwHcKyRLHZ2Z/Od3i2CsG8xwE root@ubuntu-bionic (ED25519)
<14>Jul 27 13:02:30 cloud-init: 2048 SHA256:JMJ/nCfpTJ7t94QzOMMP5dCCo/GIzY4dKnPRI0svHtE root@ubuntu-bionic (RSA)
<14>Jul 27 13:02:30 cloud-init: -----END SSH HOST KEY FINGERPRINTS-----
<14>Jul 27 13:02:30 cloud-init: #############################################################
-----BEGIN SSH HOST KEY KEYS-----
ecdsa-sha2-nistp256 AAAAE2VjZHNhLXNoYTItbmlzdHAyNTYAAAAIbmlzdHAyNTYAAABBBKUgtWFP+cHWc+DsYn2cxSMKXFD6eHgTJDRu+n0h5j4lgcQudqc8PZzZfXu7aBc0rmirTNp/1iyeQWtIQjin384= root@ubuntu-bionic
ssh-ed25519 AAAAC3NzaC1lZDI1NTE5AAAAIBF3h8CrofnPsAaeL/6/tCBElRxxxuRwIVbEi00oT7O1 root@ubuntu-bionic
ssh-rsa AAAAB3NzaC1yc2EAAAADAQABAAABAQDDHxVRX9hXdlmDfC4/BSeNR9S4RFEgSLZicve3Z0JtRpZqD2NnoMsDpAOp0n24jEYQZiYXRYjXSIwm0B/J4A4Jlb07Fc+uOfGSXfeEAFPvwTPedTgs7vCNsZt5Yi79bE9BMqk69hAD85DgFZDYUKeRMRe1I0gjUmyTIaj5Xrt4XDA30hkoHofzaPEo1wwaImJW2WF9mYzu5oRmZZDeq+64liAE38PoIpJjLSvlHjcu11PCTERp59LNT7sgI/PrFJx9MjJE1wwt1YyPApc7LeOhfXF0jP96ZB2NKl8G994kyjhU6S5EfLEB64xEIHb97l6Xd5l+5gB9iPxBOEcGnxhH root@ubuntu-bionic
-----END SSH HOST KEY KEYS-----
[   78.687596] cloud-init[1614]: Cloud-init v. 22.2-0ubuntu1~18.04.3 running 'modules:final' at Wed, 27 Jul 2022 13:02:29 +0000. Up 77.48 seconds.
[   78.687835] cloud-init[1614]: Cloud-init v. 22.2-0ubuntu1~18.04.3 finished at Wed, 27 Jul 2022 13:02:30 +0000. Datasource DataSourceNoCloud [seed=/dev/sdb][dsmode=net].  Up 78.66 seconds
[[0;32m  OK  [0m] Closed Load/Save RF Kill Switch Status /dev/rfkill Watch.
[[0;32m  OK  [0m] Stopped target Timers.
[[0;32m  OK  [0m] Stopped Daily apt upgrade and clean activities.
[[0;32m  OK  [0m] Stopped Message of the Day.
[[0;32m  OK  [0m] Stopped Daily apt download activities.
         Stopping Session 12 of user vagrant.
         Stopping Authorization Manager...
[[0;32m  OK  [0m] Stopped target Graphical Interface.
         Stopping Accounts Service...
         Stopping Availability of block devices...
[[0;32m  OK  [0m] Stopped Discard unused blocks once a week.
[[0;32m  OK  [0m] Stopped Clean PHP session files every 30 mins.
[[0;32m  OK  [0m] Stopped target System Time Synchronized.
         Stopping User Manager for UID 1000...
[[0;32m  OK  [0m] Stopped target Cloud-init target.
[[0;32m  OK  [0m] Stopped Daily Cleanup of Temporary Directories.
[[0;32m  OK  [0m] Stopped Execute cloud user/final scripts.
[[0;32m  OK  [0m] Stopped target Multi-User System.
         Stopping LSB: automatic crash report generation...
         Stopping Virtualbox guest utils...
         Stopping Dispatcher daemon for systemd-networkd...
         Stopping System Logging Service...
         Stopping OpenBSD Secure Shell server...
         Stopping The Apache HTTP Server...
         Stopping LSB: Record successful boot for GRUB...
         Stopping Regular background          Stopping irqbalance daemon...
         Stopping MySQL Community Server...
         Stopping D-Bus System Message Bus...
         Stopping Deferred execution scheduler...
         Stopping FUSE filesystem for LXC...
[[0;32m  OK  [0m] Stopped Apply the settings specified in cloud-config.
[[0;32m  OK  [0m] Stopped Wait until snapd is fully seeded.
[[0;32m  OK  [0m] Stopped target Cloud-config availability.
[[0;32m  OK  [0m] Stopped Ubuntu Advantage Timer for running repeated jobs.
         Stopping LXD - container startup/shutdown...
[[0;32m  OK  [0m] Unmounted /var/lib/lxcfs.
[[0;32m  OK  [0m] Stopped Dispatcher daemon for systemd-networkd.
[[0;32m  OK  [0m] Stopped Regular background program processing daemon.
[[0;32m  OK  [0m] Stopped Deferred execution scheduler.
[[0;32m  OK  [0m] Stopped irqbalance daemon.
[[0;32m  OK  [0m] Stopped Accounts Service.
[[0;32m  OK  [0m] Stopped Serial Getty on ttyS0.
[[0;32m  OK  [0m] Stopped System Logging Service.
[[0;32m  OK  [0m] Stopped Getty on tty1.
[[0;32m  OK  [0m] Stopped OpenBSD Secure Shell server.
[[0;32m  OK  [0m] Stopped Authorization Manager.
[[0;32m  OK  [0m] Stopped User Manager for UID 1000.
[[0;32m  OK  [0m] Stopped Session 12 of user vagrant.
[[0;32m  OK  [0m] Stopped FUSE filesystem for LXC.
[[0;32m  OK  [0m] Removed slice User Slice of vagrant.
         Stopping Login Service...
[[0;32m  OK  [0m] Removed slice system-getty.slice.
[[0;32m  OK  [0m] Removed slice system-serial\x2dgetty.slice.
         Stopping Permit User Sessions...
[[0;32m  OK  [0m] Stopped D-Bus System Message Bus.
[[0;32m  OK  [0m] Stopped LXD - container startup/shutdown.
[[0;32m  OK  [0m] Stopped Login Service.
[[0;32m  OK  [0m] Stopped Permit User Sessions.
[[0;32m  OK  [0m] Stopped target User and Group Name Lookups.
[[0;32m  OK  [0m] Stopped Availability of block devices.
[[0;32m  OK  [0m] Stopped LSB: Record successful boot for GRUB.
[[0;32m  OK  [0m] Stopped LSB: automatic crash report generation.
[[0;32m  OK  [0m] Stopped Virtualbox guest utils.
[[0;32m  OK  [0m] Stopped The Apache HTTP Server.
[[0;32m  OK  [0m] Stopped target Remote File Systems.
         Unmounting /vagrant...
[[0;32m  OK  [0m] Stopped target Host and Network Name Lookups.
[[0;32m  OK  [0m] Unmounted /vagrant.
[[0;32m  OK  [0m] Stopped target Remote File Systems (Pre).
[[0;32m  OK  [0m] Stopped target Network is Online.
[[0;32m  OK  [0m] Stopped MySQL Community Server.
[[0;32m  OK  [0m] Stopped target Basic System.
[[0;32m  OK  [0m] Stopped target Slices.
[[0;32m  OK  [0m] Removed slice User and Session Slice.
[[0;32m  OK  [0m] Stopped target Sockets.
[[0;32m  OK  [0m] Closed Syslog Socket.
[[0;32m  OK  [0m] Closed Socket activation for snappy daemon.
[[0;32m  OK  [0m] Closed ACPID Listen Socket.
[[0;32m  OK  [0m] Closed D-Bus System Message Bus Socket.
[[0;32m  OK  [0m] Closed UUID daemon activation socket.
[[0;32m  OK  [0m] Closed LXD - unix socket.
[[0;32m  OK  [0m] Closed Open-iSCSI iscsid Socket.
[[0;32m  OK  [0m] Closed cloud-init hotplug hook socket.
[[0;32m  OK  [0m] Stopped target Paths.
[[0;32m  OK  [0m] Stopped ACPI Events Check.
[[0;32m  OK  [0m] Stopped target Network.
         Stopping Network Name Resolution...
[[0;32m  OK  [0m] Stopped target System Initialization.
[[0;32m  OK  [0m] Stopped Initial cloud-init job (metadata service crawler).
[[0;32m  OK  [0m] Stopped target Local Encrypted Volumes.
[[0;32m  OK  [0m] Stopped Dispatch Password Requests to Console Directory Watch.
[[0;32m  OK  [0m] Stopped Forward Password Requests to Wall Directory Watch.
         Stopping Load/Save Random Seed...
[[0;32m  OK  [0m] Stopped Commit a transient machine-id on disk.
         Stopping Update UTMP about System Boot/Shutdown...
[[0;32m  OK  [0m] Stopped Network Name Resolution.
         Stopping Network Service...
[[0;32m  OK  [0m] Stopped Update UTMP about System Boot/Shutdown.
[[0;32m  OK  [0m] Stopped Create Volatile Files and Directories.
[[0;32m  OK  [0m] Stopped target Local File Systems.
         Unmounting /run/user/1000...
[[0;32m  OK  [0m] Unmounted /run/user/1000.
[[0;32m  OK  [0m] Stopped Load/Save Random Seed.
[[0;32m  OK  [0m] Reached target Unmount All Filesystems.
[[0;32m  OK  [0m] Stopped target Swap.
[[0;32m  OK  [0m] Stopped target Local File Systems (Pre).
[[0;32m  OK  [0m] Stopped Create Static Device Nodes in /dev.
         Stopping Monitoring of LVM2 mirrors…ng dmeventd or progress polling...
[[0;32m  OK  [0m] Stopped Monitoring of LVM2 mirrors,…sing dmeventd or progress polling.
         Stopping LVM2 metadata daemon...
[[0;32m  OK  [0m] Stopped LVM2 metadata daemon.
[[0;32m  OK  [0m] Stopped Network Service.
[[0;32m  OK  [0m] Stopped target Network (Pre).
[[0;32m  OK  [0m] Stopped Initial cloud-init job (pre-networking).
[[0;32m  OK  [0m] Stopped Remount Root and Kernel File Systems.
[[0;32m  OK  [0m] Stopped Apply Kernel Variables.
[[0;32m  OK  [0m] Stopped Load Kernel Modules.
[[0;32m  OK  [0m] Reached target Shutdown.
[[0;32m  OK  [0m] Reached target Final Step.
         Starting Power-Off...
[ 4435.176593] reboot: Power down
